<?xml version="1.0" encoding="UTF-8"?>
<!-- Generated by org.testng.reporters.JUnitReportReporter -->
<testsuite hostname="bittech-PC" name="com.DataProvide" tests="3" failures="1" timestamp="25 Apr 2015 23:25:12 GMT" time="33.582" errors="0">
  <testcase name="test" time="7.810" classname="com.DataProvide">
    <failure type="org.openqa.selenium.NoSuchWindowException" message="Window not found. The browser window may have been closed.
Command duration or timeout: 287 milliseconds
Build info: version: &#039;2.45.0&#039;, revision: &#039;5017cb8&#039;, time: &#039;2015-02-26 23:59:50&#039;
System info: host: &#039;bittech-PC&#039;, ip: &#039;192.168.1.2&#039;, os.name: &#039;Windows 7&#039;, os.arch: &#039;amd64&#039;, os.version: &#039;6.1&#039;, java.version: &#039;1.8.0_25&#039;
Driver info: org.openqa.selenium.firefox.FirefoxDriver
Capabilities [{applicationCacheEnabled=true, rotatable=false, handlesAlerts=true, databaseEnabled=true, version=37.0.2, platform=WINDOWS, nativeEvents=false, acceptSslCerts=true, webStorageEnabled=true, locationContextEnabled=true, browserName=firefox, takesScreenshot=true, javascriptEnabled=true, cssSelectorsEnabled=true}]
Session ID: e2c40ec4-b70c-465f-a22f-e1d7b3333f9a">
      <![CDATA[org.openqa.selenium.NoSuchWindowException: Window not found. The browser window may have been closed.
Command duration or timeout: 287 milliseconds
Build info: version: '2.45.0', revision: '5017cb8', time: '2015-02-26 23:59:50'
System info: host: 'bittech-PC', ip: '192.168.1.2', os.name: 'Windows 7', os.arch: 'amd64', os.version: '6.1', java.version: '1.8.0_25'
Driver info: org.openqa.selenium.firefox.FirefoxDriver
Capabilities [{applicationCacheEnabled=true, rotatable=false, handlesAlerts=true, databaseEnabled=true, version=37.0.2, platform=WINDOWS, nativeEvents=false, acceptSslCerts=true, webStorageEnabled=true, locationContextEnabled=true, browserName=firefox, takesScreenshot=true, javascriptEnabled=true, cssSelectorsEnabled=true}]
Session ID: e2c40ec4-b70c-465f-a22f-e1d7b3333f9a
	at sun.reflect.NativeConstructorAccessorImpl.newInstance0(Native Method)
	at sun.reflect.NativeConstructorAccessorImpl.newInstance(Unknown Source)
	at sun.reflect.DelegatingConstructorAccessorImpl.newInstance(Unknown Source)
	at java.lang.reflect.Constructor.newInstance(Unknown Source)
	at org.openqa.selenium.remote.ErrorHandler.createThrowable(ErrorHandler.java:204)
	at org.openqa.selenium.remote.ErrorHandler.throwIfResponseFailed(ErrorHandler.java:156)
	at org.openqa.selenium.remote.RemoteWebDriver.execute(RemoteWebDriver.java:599)
	at org.openqa.selenium.remote.RemoteWebElement.execute(RemoteWebElement.java:268)
	at org.openqa.selenium.remote.RemoteWebElement.click(RemoteWebElement.java:79)
	at com.DataProvide.test(DataProvide.java:41)
	at sun.reflect.NativeMethodAccessorImpl.invoke0(Native Method)
	at sun.reflect.NativeMethodAccessorImpl.invoke(Unknown Source)
	at sun.reflect.DelegatingMethodAccessorImpl.invoke(Unknown Source)
	at java.lang.reflect.Method.invoke(Unknown Source)
	at org.testng.internal.MethodInvocationHelper.invokeMethod(MethodInvocationHelper.java:84)
	at org.testng.internal.Invoker.invokeMethod(Invoker.java:714)
	at org.testng.internal.Invoker.invokeTestMethod(Invoker.java:901)
	at org.testng.internal.Invoker.invokeTestMethods(Invoker.java:1231)
	at org.testng.internal.TestMethodWorker.invokeTestMethods(TestMethodWorker.java:127)
	at org.testng.internal.TestMethodWorker.run(TestMethodWorker.java:111)
	at org.testng.TestRunner.privateRun(TestRunner.java:767)
	at org.testng.TestRunner.run(TestRunner.java:617)
	at org.testng.SuiteRunner.runTest(SuiteRunner.java:334)
	at org.testng.SuiteRunner.runSequentially(SuiteRunner.java:329)
	at org.testng.SuiteRunner.privateRun(SuiteRunner.java:291)
	at org.testng.SuiteRunner.run(SuiteRunner.java:240)
	at org.testng.SuiteRunnerWorker.runSuite(SuiteRunnerWorker.java:52)
	at org.testng.SuiteRunnerWorker.run(SuiteRunnerWorker.java:86)
	at org.testng.TestNG.runSuitesSequentially(TestNG.java:1224)
	at org.testng.TestNG.runSuitesLocally(TestNG.java:1149)
	at org.testng.TestNG.run(TestNG.java:1057)
	at org.testng.remote.RemoteTestNG.run(RemoteTestNG.java:111)
	at org.testng.remote.RemoteTestNG.initAndRun(RemoteTestNG.java:204)
	at org.testng.remote.RemoteTestNG.main(RemoteTestNG.java:175)
Caused by: org.openqa.selenium.NoSuchWindowException: Window not found. The browser window may have been closed.
Build info: version: '2.45.0', revision: '5017cb8', time: '2015-02-26 23:59:50'
System info: host: 'bittech-PC', ip: '192.168.1.2', os.name: 'Windows 7', os.arch: 'amd64', os.version: '6.1', java.version: '1.8.0_25'
Driver info: driver.version: unknown
	at <anonymous class>.nsCommandProcessor.prototype.execute(file:///C:/Users/bittech/AppData/Local/Temp/anonymous8021798845090011080webdriver-profile/extensions/fxdriver@googlecode.com/components/command-processor.js:12343)
	at <anonymous class>.Dispatcher.executeAs/<(file:///C:/Users/bittech/AppData/Local/Temp/anonymous8021798845090011080webdriver-profile/extensions/fxdriver@googlecode.com/components/driver-component.js:9061)
	at <anonymous class>.Resource.prototype.handle(file:///C:/Users/bittech/AppData/Local/Temp/anonymous8021798845090011080webdriver-profile/extensions/fxdriver@googlecode.com/components/driver-component.js:9208)
	at <anonymous class>.Dispatcher.prototype.dispatch(file:///C:/Users/bittech/AppData/Local/Temp/anonymous8021798845090011080webdriver-profile/extensions/fxdriver@googlecode.com/components/driver-component.js:9155)
	at <anonymous class>.WebDriverServer/<.handle(file:///C:/Users/bittech/AppData/Local/Temp/anonymous8021798845090011080webdriver-profile/extensions/fxdriver@googlecode.com/components/driver-component.js:12128)
	at <anonymous class>.createHandlerFunc/<(file:///C:/Users/bittech/AppData/Local/Temp/anonymous8021798845090011080webdriver-profile/extensions/fxdriver@googlecode.com/components/httpd.js:2058)
	at <anonymous class>.ServerHandler.prototype.handleResponse(file:///C:/Users/bittech/AppData/Local/Temp/anonymous8021798845090011080webdriver-profile/extensions/fxdriver@googlecode.com/components/httpd.js:2391)
	at <anonymous class>.Connection.prototype.process(file:///C:/Users/bittech/AppData/Local/Temp/anonymous8021798845090011080webdriver-profile/extensions/fxdriver@googlecode.com/components/httpd.js:1227)
	at <anonymous class>.RequestReader.prototype._handleResponse(file:///C:/Users/bittech/AppData/Local/Temp/anonymous8021798845090011080webdriver-profile/extensions/fxdriver@googlecode.com/components/httpd.js:1681)
	at <anonymous class>.RequestReader.prototype._processBody(file:///C:/Users/bittech/AppData/Local/Temp/anonymous8021798845090011080webdriver-profile/extensions/fxdriver@googlecode.com/components/httpd.js:1529)
	at <anonymous class>.RequestReader.prototype.onInputStreamReady(file:///C:/Users/bittech/AppData/Local/Temp/anonymous8021798845090011080webdriver-profile/extensions/fxdriver@googlecode.com/components/httpd.js:1397)
]]>
    </failure>
  </testcase> <!-- test -->
  <testcase name="test" time="13.275" classname="com.DataProvide"/>
  <testcase name="test" time="12.497" classname="com.DataProvide"/>
</testsuite> <!-- com.DataProvide -->
